android/app/build/intermediates/manifest_merge_blame_file/debug/manifest-merger-blame-debug-report.txt
1<?xml version="1.0" encoding="utf-8"?>
2<manifest xmlns:android="http://schemas.android.com/apk/res/android"
3    package="com.tinie"
4    android:versionCode="1"
5    android:versionName="1.0" >
6
7    <uses-sdk
8        android:minSdkVersion="21"
9        android:targetSdkVersion="30" />
10
11    <uses-permission android:name="android.permission.SYSTEM_ALERT_WINDOW" />
11-->src/debug/AndroidManifest.xml:5:5-77
11-->src/debug/AndroidManifest.xml:5:22-75
12    <uses-permission android:name="android.permission.ACCESS_FINE_LOCATION" />
12-->src/main/AndroidManifest.xml:7:5-78
12-->src/main/AndroidManifest.xml:7:22-76
13    <uses-permission android:name="android.permission.INTERNET" />
13-->src/main/AndroidManifest.xml:6:5-67
13-->src/main/AndroidManifest.xml:6:22-64
14    <uses-permission android:name="android.permission.ACCESS_COARSE_LOCATION" />
14-->src/main/AndroidManifest.xml:8:5-80
14-->src/main/AndroidManifest.xml:8:22-78
15    <uses-permission android:name="android.permission.CAMERA" />
15-->src/main/AndroidManifest.xml:9:5-64
15-->src/main/AndroidManifest.xml:9:22-62
16    <uses-permission android:name="android.permission.ACCESS_WIFI_STATE" />
16-->[com.facebook.flipper:flipper:0.99.0] AndroidManifest.xml:16:5-76
16-->[com.facebook.flipper:flipper:0.99.0] AndroidManifest.xml:16:22-73
17
18    <queries>
18-->[:react-native-image-crop-picker] AndroidManifest.xml:9:5-13:15
19        <intent>
19-->[:react-native-image-crop-picker] AndroidManifest.xml:10:9-12:18
20            <action android:name="android.media.action.IMAGE_CAPTURE" />
20-->[:react-native-image-crop-picker] AndroidManifest.xml:11:13-73
20-->[:react-native-image-crop-picker] AndroidManifest.xml:11:21-70
21        </intent>
22        <!-- Needs to be explicitly declared on Android R+ -->
23        <package android:name="com.google.android.apps.maps" />
23-->[com.google.android.gms:play-services-maps:18.0.2] AndroidManifest.xml:33:9-64
23-->[com.google.android.gms:play-services-maps:18.0.2] AndroidManifest.xml:33:18-61
24    </queries>
25
26    <uses-permission android:name="android.permission.WRITE_EXTERNAL_STORAGE" />
26-->[:react-native-image-crop-picker] AndroidManifest.xml:15:5-81
26-->[:react-native-image-crop-picker] AndroidManifest.xml:15:22-78
27    <uses-permission android:name="android.permission.WAKE_LOCK" />
27-->[androidx.work:work-runtime:2.5.0] AndroidManifest.xml:25:5-68
27-->[androidx.work:work-runtime:2.5.0] AndroidManifest.xml:25:22-65
28    <uses-permission android:name="android.permission.ACCESS_NETWORK_STATE" />
28-->[androidx.work:work-runtime:2.5.0] AndroidManifest.xml:26:5-79
28-->[androidx.work:work-runtime:2.5.0] AndroidManifest.xml:26:22-76
29    <uses-permission android:name="android.permission.RECEIVE_BOOT_COMPLETED" />
29-->[androidx.work:work-runtime:2.5.0] AndroidManifest.xml:27:5-81
29-->[androidx.work:work-runtime:2.5.0] AndroidManifest.xml:27:22-78
30    <uses-permission android:name="android.permission.FOREGROUND_SERVICE" />
30-->[androidx.work:work-runtime:2.5.0] AndroidManifest.xml:28:5-77
30-->[androidx.work:work-runtime:2.5.0] AndroidManifest.xml:28:22-74
31
32    <uses-feature
32-->[com.google.android.gms:play-services-maps:18.0.2] AndroidManifest.xml:26:5-28:35
33        android:glEsVersion="0x00020000"
33-->[com.google.android.gms:play-services-maps:18.0.2] AndroidManifest.xml:27:9-41
34        android:required="true" />
34-->[com.google.android.gms:play-services-maps:18.0.2] AndroidManifest.xml:28:9-32
35
36    <application
36-->src/main/AndroidManifest.xml:11:5-32:19
37        android:name="com.tinie.MainApplication"
37-->src/main/AndroidManifest.xml:12:7-38
38        android:allowBackup="false"
38-->src/main/AndroidManifest.xml:16:7-34
39        android:appComponentFactory="androidx.core.app.CoreComponentFactory"
39-->[androidx.core:core:1.6.0] AndroidManifest.xml:24:18-86
40        android:debuggable="true"
41        android:icon="@mipmap/ic_launcher"
41-->src/main/AndroidManifest.xml:14:7-41
42        android:label="@string/app_name"
42-->src/main/AndroidManifest.xml:13:7-39
43        android:roundIcon="@mipmap/ic_launcher_round"
43-->src/main/AndroidManifest.xml:15:7-52
44        android:theme="@style/AppTheme"
44-->src/main/AndroidManifest.xml:17:7-38
45        android:usesCleartextTraffic="true" >
45-->src/debug/AndroidManifest.xml:9:9-44
46        <activity android:name="com.facebook.react.devsupport.DevSettingsActivity" />
46-->src/debug/AndroidManifest.xml:12:9-86
46-->src/debug/AndroidManifest.xml:12:19-83
47        <activity
47-->src/main/AndroidManifest.xml:18:7-28:18
48            android:name="com.tinie.MainActivity"
48-->src/main/AndroidManifest.xml:19:9-37
49            android:configChanges="keyboard|keyboardHidden|orientation|screenSize|uiMode"
49-->src/main/AndroidManifest.xml:21:9-86
50            android:label="@string/app_name"
50-->src/main/AndroidManifest.xml:20:9-41
51            android:launchMode="singleTask"
51-->src/main/AndroidManifest.xml:22:9-40
52            android:windowSoftInputMode="adjustResize" >
52-->src/main/AndroidManifest.xml:23:9-51
53            <intent-filter>
53-->src/main/AndroidManifest.xml:24:9-27:25
54                <action android:name="android.intent.action.MAIN" />
54-->src/main/AndroidManifest.xml:25:13-65
54-->src/main/AndroidManifest.xml:25:21-62
55
56                <category android:name="android.intent.category.LAUNCHER" />
56-->src/main/AndroidManifest.xml:26:13-73
56-->src/main/AndroidManifest.xml:26:23-70
57            </intent-filter>
58        </activity>
59
60        <meta-data
60-->src/main/AndroidManifest.xml:29:7-31:70
61            android:name="com.google.android.geo.API_KEY"
61-->src/main/AndroidManifest.xml:30:13-58
62            android:value="AIzaSyAi4vjaS3t22xgSKQwiUZKGE4cygGM6YFI" />
62-->src/main/AndroidManifest.xml:31:13-68
63
64        <provider
64-->[:react-native-image-crop-picker] AndroidManifest.xml:18:9-26:20
65            android:name="com.reactnative.ivpusic.imagepicker.IvpusicImagePickerFileProvider"
65-->[:react-native-image-crop-picker] AndroidManifest.xml:19:13-94
66            android:authorities="com.tinie.provider"
66-->[:react-native-image-crop-picker] AndroidManifest.xml:20:13-60
67            android:exported="false"
67-->[:react-native-image-crop-picker] AndroidManifest.xml:21:13-37
68            android:grantUriPermissions="true" >
68-->[:react-native-image-crop-picker] AndroidManifest.xml:22:13-47
69            <meta-data
69-->[:react-native-image-crop-picker] AndroidManifest.xml:23:13-25:78
70                android:name="android.support.FILE_PROVIDER_PATHS"
70-->[:react-native-image-crop-picker] AndroidManifest.xml:24:17-67
71                android:resource="@xml/ivpusic_imagepicker_provider_paths" />
71-->[:react-native-image-crop-picker] AndroidManifest.xml:25:17-75
72        </provider>
73
74        <activity
74-->[:react-native-image-crop-picker] AndroidManifest.xml:28:9-30:72
75            android:name="com.yalantis.ucrop.UCropActivity"
75-->[:react-native-image-crop-picker] AndroidManifest.xml:29:13-60
76            android:theme="@style/Theme.AppCompat.Light.NoActionBar" />
76-->[:react-native-image-crop-picker] AndroidManifest.xml:30:13-69
77
78        <provider
78-->[androidx.work:work-runtime:2.5.0] AndroidManifest.xml:31:9-37:35
79            android:name="androidx.work.impl.WorkManagerInitializer"
79-->[androidx.work:work-runtime:2.5.0] AndroidManifest.xml:32:13-69
80            android:authorities="com.tinie.workmanager-init"
80-->[androidx.work:work-runtime:2.5.0] AndroidManifest.xml:33:13-68
81            android:directBootAware="false"
81-->[androidx.work:work-runtime:2.5.0] AndroidManifest.xml:34:13-44
82            android:exported="false"
82-->[androidx.work:work-runtime:2.5.0] AndroidManifest.xml:35:13-37
83            android:multiprocess="true" />
83-->[androidx.work:work-runtime:2.5.0] AndroidManifest.xml:36:13-40
84
85        <service
85-->[androidx.work:work-runtime:2.5.0] AndroidManifest.xml:39:9-44:35
86            android:name="androidx.work.impl.background.systemalarm.SystemAlarmService"
86-->[androidx.work:work-runtime:2.5.0] AndroidManifest.xml:40:13-88
87            android:directBootAware="false"
87-->[androidx.work:work-runtime:2.5.0] AndroidManifest.xml:41:13-44
88            android:enabled="@bool/enable_system_alarm_service_default"
88-->[androidx.work:work-runtime:2.5.0] AndroidManifest.xml:42:13-72
89            android:exported="false" />
89-->[androidx.work:work-runtime:2.5.0] AndroidManifest.xml:43:13-37
90        <service
90-->[androidx.work:work-runtime:2.5.0] AndroidManifest.xml:45:9-51:35
91            android:name="androidx.work.impl.background.systemjob.SystemJobService"
91-->[androidx.work:work-runtime:2.5.0] AndroidManifest.xml:46:13-84
92            android:directBootAware="false"
92-->[androidx.work:work-runtime:2.5.0] AndroidManifest.xml:47:13-44
93            android:enabled="@bool/enable_system_job_service_default"
93-->[androidx.work:work-runtime:2.5.0] AndroidManifest.xml:48:13-70
94            android:exported="true"
94-->[androidx.work:work-runtime:2.5.0] AndroidManifest.xml:49:13-36
95            android:permission="android.permission.BIND_JOB_SERVICE" />
95-->[androidx.work:work-runtime:2.5.0] AndroidManifest.xml:50:13-69
96        <service
96-->[androidx.work:work-runtime:2.5.0] AndroidManifest.xml:52:9-57:35
97            android:name="androidx.work.impl.foreground.SystemForegroundService"
97-->[androidx.work:work-runtime:2.5.0] AndroidManifest.xml:53:13-81
98            android:directBootAware="false"
98-->[androidx.work:work-runtime:2.5.0] AndroidManifest.xml:54:13-44
99            android:enabled="@bool/enable_system_foreground_service_default"
99-->[androidx.work:work-runtime:2.5.0] AndroidManifest.xml:55:13-77
100            android:exported="false" />
100-->[androidx.work:work-runtime:2.5.0] AndroidManifest.xml:56:13-37
101
102        <receiver
102-->[androidx.work:work-runtime:2.5.0] AndroidManifest.xml:59:9-64:35
103            android:name="androidx.work.impl.utils.ForceStopRunnable$BroadcastReceiver"
103-->[androidx.work:work-runtime:2.5.0] AndroidManifest.xml:60:13-88
104            android:directBootAware="false"
104-->[androidx.work:work-runtime:2.5.0] AndroidManifest.xml:61:13-44
105            android:enabled="true"
105-->[androidx.work:work-runtime:2.5.0] AndroidManifest.xml:62:13-35
106            android:exported="false" />
106-->[androidx.work:work-runtime:2.5.0] AndroidManifest.xml:63:13-37
107        <receiver
107-->[androidx.work:work-runtime:2.5.0] AndroidManifest.xml:65:9-75:20
108            android:name="androidx.work.impl.background.systemalarm.ConstraintProxy$BatteryChargingProxy"
108-->[androidx.work:work-runtime:2.5.0] AndroidManifest.xml:66:13-106
109            android:directBootAware="false"
109-->[androidx.work:work-runtime:2.5.0] AndroidManifest.xml:67:13-44
110            android:enabled="false"
110-->[androidx.work:work-runtime:2.5.0] AndroidManifest.xml:68:13-36
111            android:exported="false" >
111-->[androidx.work:work-runtime:2.5.0] AndroidManifest.xml:69:13-37
112            <intent-filter>
112-->[androidx.work:work-runtime:2.5.0] AndroidManifest.xml:71:13-74:29
113                <action android:name="android.intent.action.ACTION_POWER_CONNECTED" />
113-->[androidx.work:work-runtime:2.5.0] AndroidManifest.xml:72:17-87
113-->[androidx.work:work-runtime:2.5.0] AndroidManifest.xml:72:25-84
114                <action android:name="android.intent.action.ACTION_POWER_DISCONNECTED" />
114-->[androidx.work:work-runtime:2.5.0] AndroidManifest.xml:73:17-90
114-->[androidx.work:work-runtime:2.5.0] AndroidManifest.xml:73:25-87
115            </intent-filter>
116        </receiver>
117        <receiver
117-->[androidx.work:work-runtime:2.5.0] AndroidManifest.xml:76:9-86:20
118            android:name="androidx.work.impl.background.systemalarm.ConstraintProxy$BatteryNotLowProxy"
118-->[androidx.work:work-runtime:2.5.0] AndroidManifest.xml:77:13-104
119            android:directBootAware="false"
119-->[androidx.work:work-runtime:2.5.0] AndroidManifest.xml:78:13-44
120            android:enabled="false"
120-->[androidx.work:work-runtime:2.5.0] AndroidManifest.xml:79:13-36
121            android:exported="false" >
121-->[androidx.work:work-runtime:2.5.0] AndroidManifest.xml:80:13-37
122            <intent-filter>
122-->[androidx.work:work-runtime:2.5.0] AndroidManifest.xml:82:13-85:29
123                <action android:name="android.intent.action.BATTERY_OKAY" />
123-->[androidx.work:work-runtime:2.5.0] AndroidManifest.xml:83:17-77
123-->[androidx.work:work-runtime:2.5.0] AndroidManifest.xml:83:25-74
124                <action android:name="android.intent.action.BATTERY_LOW" />
124-->[androidx.work:work-runtime:2.5.0] AndroidManifest.xml:84:17-76
124-->[androidx.work:work-runtime:2.5.0] AndroidManifest.xml:84:25-73
125            </intent-filter>
126        </receiver>
127        <receiver
127-->[androidx.work:work-runtime:2.5.0] AndroidManifest.xml:87:9-97:20
128            android:name="androidx.work.impl.background.systemalarm.ConstraintProxy$StorageNotLowProxy"
128-->[androidx.work:work-runtime:2.5.0] AndroidManifest.xml:88:13-104
129            android:directBootAware="false"
129-->[androidx.work:work-runtime:2.5.0] AndroidManifest.xml:89:13-44
130            android:enabled="false"
130-->[androidx.work:work-runtime:2.5.0] AndroidManifest.xml:90:13-36
131            android:exported="false" >
131-->[androidx.work:work-runtime:2.5.0] AndroidManifest.xml:91:13-37
132            <intent-filter>
132-->[androidx.work:work-runtime:2.5.0] AndroidManifest.xml:93:13-96:29
133                <action android:name="android.intent.action.DEVICE_STORAGE_LOW" />
133-->[androidx.work:work-runtime:2.5.0] AndroidManifest.xml:94:17-83
133-->[androidx.work:work-runtime:2.5.0] AndroidManifest.xml:94:25-80
134                <action android:name="android.intent.action.DEVICE_STORAGE_OK" />
134-->[androidx.work:work-runtime:2.5.0] AndroidManifest.xml:95:17-82
134-->[androidx.work:work-runtime:2.5.0] AndroidManifest.xml:95:25-79
135            </intent-filter>
136        </receiver>
137        <receiver
137-->[androidx.work:work-runtime:2.5.0] AndroidManifest.xml:98:9-107:20
138            android:name="androidx.work.impl.background.systemalarm.ConstraintProxy$NetworkStateProxy"
138-->[androidx.work:work-runtime:2.5.0] AndroidManifest.xml:99:13-103
139            android:directBootAware="false"
139-->[androidx.work:work-runtime:2.5.0] AndroidManifest.xml:100:13-44
140            android:enabled="false"
140-->[androidx.work:work-runtime:2.5.0] AndroidManifest.xml:101:13-36
141            android:exported="false" >
141-->[androidx.work:work-runtime:2.5.0] AndroidManifest.xml:102:13-37
142            <intent-filter>
142-->[androidx.work:work-runtime:2.5.0] AndroidManifest.xml:104:13-106:29
143                <action android:name="android.net.conn.CONNECTIVITY_CHANGE" />
143-->[androidx.work:work-runtime:2.5.0] AndroidManifest.xml:105:17-79
143-->[androidx.work:work-runtime:2.5.0] AndroidManifest.xml:105:25-76
144            </intent-filter>
145        </receiver>
146        <receiver
146-->[androidx.work:work-runtime:2.5.0] AndroidManifest.xml:108:9-119:20
147            android:name="androidx.work.impl.background.systemalarm.RescheduleReceiver"
147-->[androidx.work:work-runtime:2.5.0] AndroidManifest.xml:109:13-88
148            android:directBootAware="false"
148-->[androidx.work:work-runtime:2.5.0] AndroidManifest.xml:110:13-44
149            android:enabled="false"
149-->[androidx.work:work-runtime:2.5.0] AndroidManifest.xml:111:13-36
150            android:exported="false" >
150-->[androidx.work:work-runtime:2.5.0] AndroidManifest.xml:112:13-37
151            <intent-filter>
151-->[androidx.work:work-runtime:2.5.0] AndroidManifest.xml:114:13-118:29
152                <action android:name="android.intent.action.BOOT_COMPLETED" />
152-->[androidx.work:work-runtime:2.5.0] AndroidManifest.xml:115:17-79
152-->[androidx.work:work-runtime:2.5.0] AndroidManifest.xml:115:25-76
153                <action android:name="android.intent.action.TIME_SET" />
153-->[androidx.work:work-runtime:2.5.0] AndroidManifest.xml:116:17-73
153-->[androidx.work:work-runtime:2.5.0] AndroidManifest.xml:116:25-70
154                <action android:name="android.intent.action.TIMEZONE_CHANGED" />
154-->[androidx.work:work-runtime:2.5.0] AndroidManifest.xml:117:17-81
154-->[androidx.work:work-runtime:2.5.0] AndroidManifest.xml:117:25-78
155            </intent-filter>
156        </receiver>
157        <receiver
157-->[androidx.work:work-runtime:2.5.0] AndroidManifest.xml:120:9-129:20
158            android:name="androidx.work.impl.background.systemalarm.ConstraintProxyUpdateReceiver"
158-->[androidx.work:work-runtime:2.5.0] AndroidManifest.xml:121:13-99
159            android:directBootAware="false"
159-->[androidx.work:work-runtime:2.5.0] AndroidManifest.xml:122:13-44
160            android:enabled="@bool/enable_system_alarm_service_default"
160-->[androidx.work:work-runtime:2.5.0] AndroidManifest.xml:123:13-72
161            android:exported="false" >
161-->[androidx.work:work-runtime:2.5.0] AndroidManifest.xml:124:13-37
162            <intent-filter>
162-->[androidx.work:work-runtime:2.5.0] AndroidManifest.xml:126:13-128:29
163                <action android:name="androidx.work.impl.background.systemalarm.UpdateProxies" />
163-->[androidx.work:work-runtime:2.5.0] AndroidManifest.xml:127:17-98
163-->[androidx.work:work-runtime:2.5.0] AndroidManifest.xml:127:25-95
164            </intent-filter>
165        </receiver>
166        <receiver
166-->[androidx.work:work-runtime:2.5.0] AndroidManifest.xml:130:9-140:20
167            android:name="androidx.work.impl.diagnostics.DiagnosticsReceiver"
167-->[androidx.work:work-runtime:2.5.0] AndroidManifest.xml:131:13-78
168            android:directBootAware="false"
168-->[androidx.work:work-runtime:2.5.0] AndroidManifest.xml:132:13-44
169            android:enabled="true"
169-->[androidx.work:work-runtime:2.5.0] AndroidManifest.xml:133:13-35
170            android:exported="true"
170-->[androidx.work:work-runtime:2.5.0] AndroidManifest.xml:134:13-36
171            android:permission="android.permission.DUMP" >
171-->[androidx.work:work-runtime:2.5.0] AndroidManifest.xml:135:13-57
172            <intent-filter>
172-->[androidx.work:work-runtime:2.5.0] AndroidManifest.xml:137:13-139:29
173                <action android:name="androidx.work.diagnostics.REQUEST_DIAGNOSTICS" />
173-->[androidx.work:work-runtime:2.5.0] AndroidManifest.xml:138:17-88
173-->[androidx.work:work-runtime:2.5.0] AndroidManifest.xml:138:25-85
174            </intent-filter>
175        </receiver>
176
177        <service
177-->[androidx.room:room-runtime:2.2.5] AndroidManifest.xml:25:9-28:40
178            android:name="androidx.room.MultiInstanceInvalidationService"
178-->[androidx.room:room-runtime:2.2.5] AndroidManifest.xml:26:13-74
179            android:directBootAware="true"
179-->[androidx.room:room-runtime:2.2.5] AndroidManifest.xml:27:13-43
180            android:exported="false" />
180-->[androidx.room:room-runtime:2.2.5] AndroidManifest.xml:28:13-37
181
182        <meta-data
182-->[com.github.bumptech.glide:okhttp3-integration:4.12.0] AndroidManifest.xml:11:9-13:43
183            android:name="com.bumptech.glide.integration.okhttp3.OkHttpGlideModule"
183-->[com.github.bumptech.glide:okhttp3-integration:4.12.0] AndroidManifest.xml:12:13-84
184            android:value="GlideModule" /> <!-- Needs to be explicitly declared on P+ -->
184-->[com.github.bumptech.glide:okhttp3-integration:4.12.0] AndroidManifest.xml:13:13-40
185        <uses-library
185-->[com.google.android.gms:play-services-maps:18.0.2] AndroidManifest.xml:39:9-41:40
186            android:name="org.apache.http.legacy"
186-->[com.google.android.gms:play-services-maps:18.0.2] AndroidManifest.xml:40:13-50
187            android:required="false" />
187-->[com.google.android.gms:play-services-maps:18.0.2] AndroidManifest.xml:41:13-37
188
189        <activity
189-->[com.google.android.gms:play-services-base:18.0.1] AndroidManifest.xml:20:9-22:45
190            android:name="com.google.android.gms.common.api.GoogleApiActivity"
190-->[com.google.android.gms:play-services-base:18.0.1] AndroidManifest.xml:20:19-85
191            android:exported="false"
191-->[com.google.android.gms:play-services-base:18.0.1] AndroidManifest.xml:22:19-43
192            android:theme="@android:style/Theme.Translucent.NoTitleBar" />
192-->[com.google.android.gms:play-services-base:18.0.1] AndroidManifest.xml:21:19-78
193
194        <meta-data
194-->[com.google.android.gms:play-services-basement:18.0.0] AndroidManifest.xml:21:9-23:69
195            android:name="com.google.android.gms.version"
195-->[com.google.android.gms:play-services-basement:18.0.0] AndroidManifest.xml:22:13-58
196            android:value="@integer/google_play_services_version" />
196-->[com.google.android.gms:play-services-basement:18.0.0] AndroidManifest.xml:23:13-66
197    </application>
198
199</manifest>